<?xml version="1.0" encoding="UTF-8"?>
<!-- Generated by org.testng.reporters.JUnitReportReporter -->
<testsuite skipped="0" hostname="NJCDTL03TM0338" name="com.testautomation.UIAutomation.test.PurchaseProductsTest" tests="1" failures="0" timestamp="11 Mar 2020 00:09:41 GMT" time="5.317" errors="0">
  <testcase name="BuyAllTshirtsTest" time="5.317" classname="com.testautomation.UIAutomation.test.PurchaseProductsTest"/>
</testsuite> <!-- com.testautomation.UIAutomation.test.PurchaseProductsTest -->
