<?xml version="1.0" encoding="UTF-8"?>
<!-- Generated by org.testng.reporters.JUnitReportReporter -->
<testsuite skipped="0" hostname="NJCDTL03TM0338" name="com.testautomation.UIAutomation.test.TshirtTest" tests="1" failures="0" timestamp="07 Mar 2020 20:17:38 GMT" time="1.230" errors="0">
  <testcase name="BuyAllTshirtsTest" time="1.230" classname="com.testautomation.UIAutomation.test.TshirtTest"/>
</testsuite> <!-- com.testautomation.UIAutomation.test.TshirtTest -->
