<?xml version="1.0" encoding="UTF-8"?>
<!-- Generated by org.testng.reporters.JUnitReportReporter -->
<testsuite skipped="0" hostname="NJCDTL03TM0338" name="com.testautomation.UIAutomation.test.PurchaseProductsTest" tests="1" failures="0" timestamp="08 Mar 2020 02:14:20 GMT" time="3.507" errors="0">
  <testcase name="BuyAllTshirtsTest" time="3.507" classname="com.testautomation.UIAutomation.test.PurchaseProductsTest"/>
</testsuite> <!-- com.testautomation.UIAutomation.test.PurchaseProductsTest -->
